[Text analysis result]
今日,名詞,副詞可能,*,*,*,*,今日,キョウ,キョー,1/2,C3,-1
は,助詞,係助詞,*,*,*,*,は,ハ,ワ,0/1,名詞%F1/動詞%F2@0/形容詞%F2@0,1
いい,動詞,自立,*,*,五段・ワ行促音便,連用形,いう,イイ,イイ,1/2,*,0
天気,名詞,一般,*,*,*,*,天気,テンキ,テンキ,1/3,C1,0
です,助動詞,*,*,*,特殊・デス,基本形,です,デス,デス’,1/2,名詞%F2@1/動詞%F1/形容詞%F2@0,1
ね,助詞,終助詞,*,*,*,*,ね,ネ,ネ,1/1,動詞%F1/名詞%F1/形容詞%F1,1
。,記号,句点,*,*,*,*,。,、,、,0/0,*,0

[Output label]
0 3100000 xx^xx-sil+ky=o/A:xx+xx+xx/B:xx-xx_xx/C:xx_xx+xx/D:02+xx_xx/E:xx_xx!xx_xx-xx/F:xx_xx#xx_xx@xx_xx|xx_xx/G:3_1%0_xx-xx/H:xx_xx/I:xx-xx@xx+xx&xx-xx|xx+xx/J:3_11/K:1+3-11
3100000 4300000 xx^sil-ky+o=o/A:0+1+3/B:xx-xx_xx/C:02_xx+xx/D:24+xx_xx/E:xx_xx!xx_xx-xx/F:3_1#0_xx@1_3|1_11/G:2_1%0_xx-1/H:xx_xx/I:3-11@1+1&1-3|1+11/J:xx_xx/K:1+3-11
4300000 4950000 sil^ky-o+o=w/A:0+1+3/B:xx-xx_xx/C:02_xx+xx/D:24+xx_xx/E:xx_xx!xx_xx-xx/F:3_1#0_xx@1_3|1_11/G:2_1%0_xx-1/H:xx_xx/I:3-11@1+1&1-3|1+11/J:xx_xx/K:1+3-11
4950000 5800000 ky^o-o+w=a/A:1+2+2/B:xx-xx_xx/C:02_xx+xx/D:24+xx_xx/E:xx_xx!xx_xx-xx/F:3_1#0_xx@1_3|1_11/G:2_1%0_xx-1/H:xx_xx/I:3-11@1+1&1-3|1+11/J:xx_xx/K:1+3-11
5800000 6650000 o^o-w+a=i/A:2+3+1/B:02-xx_xx/C:24_xx+xx/D:20+1_1/E:xx_xx!xx_xx-xx/F:3_1#0_xx@1_3|1_11/G:2_1%0_xx-1/H:xx_xx/I:3-11@1+1&1-3|1+11/J:xx_xx/K:1+3-11
6650000 7150000 o^w-a+i=i/A:2+3+1/B:02-xx_xx/C:24_xx+xx/D:20+1_1/E:xx_xx!xx_xx-xx/F:3_1#0_xx@1_3|1_11/G:2_1%0_xx-1/H:xx_xx/I:3-11@1+1&1-3|1+11/J:xx_xx/K:1+3-11
7150000 7950000 w^a-i+i=t/A:0+1+2/B:24-xx_xx/C:20_1+1/D:02+xx_xx/E:3_1!0_xx-1/F:2_1#0_xx@2_2|4_8/G:6_1%0_xx-1/H:xx_xx/I:3-11@1+1&1-3|1+11/J:xx_xx/K:1+3-11
7950000 8750000 a^i-i+t=e/A:1+2+1/B:24-xx_xx/C:20_1+1/D:02+xx_xx/E:3_1!0_xx-1/F:2_1#0_xx@2_2|4_8/G:6_1%0_xx-1/H:xx_xx/I:3-11@1+1&1-3|1+11/J:xx_xx/K:1+3-11
8750000 9500000 i^i-t+e=N/A:0+1+6/B:20-1_1/C:02_xx+xx/D:10+7_2/E:2_1!0_xx-1/F:6_1#0_xx@3_1|6_6/G:xx_xx%xx_xx-xx/H:xx_xx/I:3-11@1+1&1-3|1+11/J:xx_xx/K:1+3-11
9500000 10250000 i^t-e+N=k/A:0+1+6/B:20-1_1/C:02_xx+xx/D:10+7_2/E:2_1!0_xx-1/F:6_1#0_xx@3_1|6_6/G:xx_xx%xx_xx-xx/H:xx_xx/I:3-11@1+1&1-3|1+11/J:xx_xx/K:1+3-11
10250000 11050000 t^e-N+k=i/A:1+2+5/B:20-1_1/C:02_xx+xx/D:10+7_2/E:2_1!0_xx-1/F:6_1#0_xx@3_1|6_6/G:xx_xx%xx_xx-xx/H:xx_xx/I:3-11@1+1&1-3|1+11/J:xx_xx/K:1+3-11
11050000 11800000 e^N-k+i=d/A:2+3+4/B:20-1_1/C:02_xx+xx/D:10+7_2/E:2_1!0_xx-1/F:6_1#0_xx@3_1|6_6/G:xx_xx%xx_xx-xx/H:xx_xx/I:3-11@1+1&1-3|1+11/J:xx_xx/K:1+3-11
11800000 12250000 N^k-i+d=e/A:2+3+4/B:20-1_1/C:02_xx+xx/D:10+7_2/E:2_1!0_xx-1/F:6_1#0_xx@3_1|6_6/G:xx_xx%xx_xx-xx/H:xx_xx/I:3-11@1+1&1-3|1+11/J:xx_xx/K:1+3-11
12250000 12750000 k^i-d+e=s/A:3+4+3/B:02-xx_xx/C:10_7+2/D:14+xx_xx/E:2_1!0_xx-1/F:6_1#0_xx@3_1|6_6/G:xx_xx%xx_xx-xx/H:xx_xx/I:3-11@1+1&1-3|1+11/J:xx_xx/K:1+3-11
12750000 13250000 i^d-e+s=U/A:3+4+3/B:02-xx_xx/C:10_7+2/D:14+xx_xx/E:2_1!0_xx-1/F:6_1#0_xx@3_1|6_6/G:xx_xx%xx_xx-xx/H:xx_xx/I:3-11@1+1&1-3|1+11/J:xx_xx/K:1+3-11
13250000 14150000 d^e-s+U=n/A:4+5+2/B:02-xx_xx/C:10_7+2/D:14+xx_xx/E:2_1!0_xx-1/F:6_1#0_xx@3_1|6_6/G:xx_xx%xx_xx-xx/H:xx_xx/I:3-11@1+1&1-3|1+11/J:xx_xx/K:1+3-11
14150000 14450000 e^s-U+n=e/A:4+5+2/B:02-xx_xx/C:10_7+2/D:14+xx_xx/E:2_1!0_xx-1/F:6_1#0_xx@3_1|6_6/G:xx_xx%xx_xx-xx/H:xx_xx/I:3-11@1+1&1-3|1+11/J:xx_xx/K:1+3-11
14450000 15000000 s^U-n+e=sil/A:5+6+1/B:10-7_2/C:14_xx+xx/D:xx+xx_xx/E:2_1!0_xx-1/F:6_1#0_xx@3_1|6_6/G:xx_xx%xx_xx-xx/H:xx_xx/I:3-11@1+1&1-3|1+11/J:xx_xx/K:1+3-11
15000000 16100000 U^n-e+sil=xx/A:5+6+1/B:10-7_2/C:14_xx+xx/D:xx+xx_xx/E:2_1!0_xx-1/F:6_1#0_xx@3_1|6_6/G:xx_xx%xx_xx-xx/H:xx_xx/I:3-11@1+1&1-3|1+11/J:xx_xx/K:1+3-11
16100000 21400000 n^e-sil+xx=xx/A:xx+xx+xx/B:14-xx_xx/C:xx_xx+xx/D:xx+xx_xx/E:6_1!0_xx-xx/F:xx_xx#xx_xx@xx_xx|xx_xx/G:xx_xx%xx_xx-xx/H:3_11/I:xx-xx@xx+xx&xx-xx|xx+xx/J:xx_xx/K:1+3-11

[Global parameter]
Sampring frequency                     ->    48000(Hz)
Frame period                           ->      240(point)
                                           5.00000(msec)
All-pass constant                      ->  0.50000
Gamma                                  ->  0.00000
Postfiltering coefficient              ->  0.30000
Audio buffer size                      ->        0(sample)

[Duration parameter]
Number of states                       ->        5
         Interpolation size            ->        1
         Interpolation weight[ 0]      ->      100(%)

[Stream parameter]
Stream[ 0] vector length               ->       35
           Dynamic window size         ->        3
           Interpolation size          ->        1
           Interpolation weight[ 0]    ->      100(%)
           MSD flag                    ->    FALSE
           GV flag                     ->     TRUE
           GV weight                   ->      100(%)
           GV interpolation size       ->        1
           GV interpolation weight[ 0] ->      100(%)
Stream[ 1] vector length               ->        1
           Dynamic window size         ->        3
           Interpolation size          ->        1
           Interpolation weight[ 0]    ->      100(%)
           MSD flag                    ->     TRUE
           MSD threshold               ->  0.50000
           GV flag                     ->     TRUE
           GV weight                   ->      100(%)
           GV interpolation size       ->        1
           GV interpolation weight[ 0] ->      100(%)
Stream[ 2] vector length               ->       31
           Dynamic window size         ->        1
           Interpolation size          ->        1
           Interpolation weight[ 0]    ->      100(%)
           MSD flag                    ->    FALSE
           GV flag                     ->    FALSE

[Generated sequence]
Number of HMMs                         ->       20
Number of stats                        ->      100
Length of this speech                  ->    2.140(sec)
                                       ->   102720(frames)
HMM[ 0]
  Name                                 -> xx^xx-sil+ky=o/A:xx+xx+xx/B:xx-xx_xx/C:xx_xx+xx/D:02+xx_xx/E:xx_xx!xx_xx-xx/F:xx_xx#xx_xx@xx_xx|xx_xx/G:3_1%0_xx-xx/H:xx_xx/I:xx-xx@xx+xx&xx-xx|xx+xx/J:3_11/K:1+3-11
  Duration
    Interpolation[ 0]
      Tree index                       ->        2
      PDF index                        ->      162
  State[ 2]
    Length                             ->        7(frames)
    Stream[ 0]
      Interpolation[ 0]
        Tree index                     ->        2
        PDF index                      ->      147
    Stream[ 1]
      MSD flag                         ->    FALSE
      Interpolation[ 0]
        Tree index                     ->        2
        PDF index                      ->       93
    Stream[ 2]
      Interpolation[ 0]
        Tree index                     ->        2
        PDF index                      ->        1
  State[ 3]
    Length                             ->       13(frames)
    Stream[ 0]
      Interpolation[ 0]
        Tree index                     ->        3
        PDF index                      ->       87
    Stream[ 1]
      MSD flag                         ->    FALSE
      Interpolation[ 0]
        Tree index                     ->        3
        PDF index                      ->      338
    Stream[ 2]
      Interpolation[ 0]
        Tree index                     ->        3
        PDF index                      ->        1
  State[ 4]
    Length                             ->       13(frames)
    Stream[ 0]
      Interpolation[ 0]
        Tree index                     ->        4
        PDF index                      ->        1
    Stream[ 1]
      MSD flag                         ->    FALSE
      Interpolation[ 0]
        Tree index                     ->        4
        PDF index                      ->      266
    Stream[ 2]
      Interpolation[ 0]
        Tree index                     ->        4
        PDF index                      ->        1
  State[ 5]
    Length                             ->       22(frames)
    Stream[ 0]
      Interpolation[ 0]
        Tree index                     ->        5
        PDF index                      ->       11
    Stream[ 1]
      MSD flag                         ->    FALSE
      Interpolation[ 0]
        Tree index                     ->        5
        PDF index                      ->       80
    Stream[ 2]
      Interpolation[ 0]
        Tree index                     ->        5
        PDF index                      ->        1
  State[ 6]
    Length                             ->        7(frames)
    Stream[ 0]
      Interpolation[ 0]
        Tree index                     ->        6
        PDF index                      ->      181
    Stream[ 1]
      MSD flag                         ->    FALSE
      Interpolation[ 0]
        Tree index                     ->        6
        PDF index                      ->       74
    Stream[ 2]
      Interpolation[ 0]
        Tree index                     ->        6
        PDF index                      ->        1
HMM[ 1]
  Name                                 -> xx^sil-ky+o=o/A:0+1+3/B:xx-xx_xx/C:02_xx+xx/D:24+xx_xx/E:xx_xx!xx_xx-xx/F:3_1#0_xx@1_3|1_11/G:2_1%0_xx-1/H:xx_xx/I:3-11@1+1&1-3|1+11/J:xx_xx/K:1+3-11
  Duration
    Interpolation[ 0]
      Tree index                       ->        2
      PDF index                        ->       19
  State[ 2]
    Length                             ->        6(frames)
    Stream[ 0]
      Interpolation[ 0]
        Tree index                     ->        2
        PDF index                      ->      137
    Stream[ 1]
      MSD flag                         ->    FALSE
      Interpolation[ 0]
        Tree index                     ->        2
        PDF index                      ->      248
    Stream[ 2]
      Interpolation[ 0]
        Tree index                     ->        2
        PDF index                      ->        1
  State[ 3]
    Length                             ->        5(frames)
    Stream[ 0]
      Interpolation[ 0]
        Tree index                     ->        3
        PDF index                      ->      126
    Stream[ 1]
      MSD flag                         ->    FALSE
      Interpolation[ 0]
        Tree index                     ->        3
        PDF index                      ->       35
    Stream[ 2]
      Interpolation[ 0]
        Tree index                     ->        3
        PDF index                      ->        1
  State[ 4]
    Length                             ->        3(frames)
    Stream[ 0]
      Interpolation[ 0]
        Tree index                     ->        4
        PDF index                      ->       33
    Stream[ 1]
      MSD flag                         ->    FALSE
      Interpolation[ 0]
        Tree index                     ->        4
        PDF index                      ->      266
    Stream[ 2]
      Interpolation[ 0]
        Tree index                     ->        4
        PDF index                      ->        1
  State[ 5]
    Length                             ->        7(frames)
    Stream[ 0]
      Interpolation[ 0]
        Tree index                     ->        5
        PDF index                      ->       22
    Stream[ 1]
      MSD flag                         ->    FALSE
      Interpolation[ 0]
        Tree index                     ->        5
        PDF index                      ->       81
    Stream[ 2]
      Interpolation[ 0]
        Tree index                     ->        5
        PDF index                      ->        1
  State[ 6]
    Length                             ->        3(frames)
    Stream[ 0]
      Interpolation[ 0]
        Tree index                     ->        6
        PDF index                      ->      173
    Stream[ 1]
      MSD flag                         ->    FALSE
      Interpolation[ 0]
        Tree index                     ->        6
        PDF index                      ->      235
    Stream[ 2]
      Interpolation[ 0]
        Tree index                     ->        6
        PDF index                      ->        1
HMM[ 2]
  Name                                 -> sil^ky-o+o=w/A:0+1+3/B:xx-xx_xx/C:02_xx+xx/D:24+xx_xx/E:xx_xx!xx_xx-xx/F:3_1#0_xx@1_3|1_11/G:2_1%0_xx-1/H:xx_xx/I:3-11@1+1&1-3|1+11/J:xx_xx/K:1+3-11
  Duration
    Interpolation[ 0]
      Tree index                       ->        2
      PDF index                        ->       24
  State[ 2]
    Length                             ->        4(frames)
    Stream[ 0]
      Interpolation[ 0]
        Tree index                     ->        2
        PDF index                      ->       78
    Stream[ 1]
      MSD flag                         ->     TRUE
      Interpolation[ 0]
        Tree index                     ->        2
        PDF index                      ->      182
    Stream[ 2]
      Interpolation[ 0]
        Tree index                     ->        2
        PDF index                      ->        1
  State[ 3]
    Length                             ->        3(frames)
    Stream[ 0]
      Interpolation[ 0]
        Tree index                     ->        3
        PDF index                      ->       92
    Stream[ 1]
      MSD flag                         ->     TRUE
      Interpolation[ 0]
        Tree index                     ->        3
        PDF index                      ->      235
    Stream[ 2]
      Interpolation[ 0]
        Tree index                     ->        3
        PDF index                      ->        1
  State[ 4]
    Length                             ->        2(frames)
    Stream[ 0]
      Interpolation[ 0]
        Tree index                     ->        4
        PDF index                      ->        4
    Stream[ 1]
      MSD flag                         ->     TRUE
      Interpolation[ 0]
        Tree index                     ->        4
        PDF index                      ->       23
    Stream[ 2]
      Interpolation[ 0]
        Tree index                     ->        4
        PDF index                      ->        1
  State[ 5]
    Length                             ->        3(frames)
    Stream[ 0]
      Interpolation[ 0]
        Tree index                     ->        5
        PDF index                      ->        3
    Stream[ 1]
      MSD flag                         ->     TRUE
      Interpolation[ 0]
        Tree index                     ->        5
        PDF index                      ->      299
    Stream[ 2]
      Interpolation[ 0]
        Tree index                     ->        5
        PDF index                      ->        1
  State[ 6]
    Length                             ->        1(frames)
    Stream[ 0]
      Interpolation[ 0]
        Tree index                     ->        6
        PDF index                      ->       42
    Stream[ 1]
      MSD flag                         ->     TRUE
      Interpolation[ 0]
        Tree index                     ->        6
        PDF index                      ->       46
    Stream[ 2]
      Interpolation[ 0]
        Tree index                     ->        6
        PDF index                      ->        1
HMM[ 3]
  Name                                 -> ky^o-o+w=a/A:1+2+2/B:xx-xx_xx/C:02_xx+xx/D:24+xx_xx/E:xx_xx!xx_xx-xx/F:3_1#0_xx@1_3|1_11/G:2_1%0_xx-1/H:xx_xx/I:3-11@1+1&1-3|1+11/J:xx_xx/K:1+3-11
  Duration
    Interpolation[ 0]
      Tree index                       ->        2
      PDF index                        ->      124
  State[ 2]
    Length                             ->        2(frames)
    Stream[ 0]
      Interpolation[ 0]
        Tree index                     ->        2
        PDF index                      ->       29
    Stream[ 1]
      MSD flag                         ->     TRUE
      Interpolation[ 0]
        Tree index                     ->        2
        PDF index                      ->      327
    Stream[ 2]
      Interpolation[ 0]
        Tree index                     ->        2
        PDF index                      ->        1
  State[ 3]
    Length                             ->        5(frames)
    Stream[ 0]
      Interpolation[ 0]
        Tree index                     ->        3
        PDF index                      ->      175
    Stream[ 1]
      MSD flag                         ->     TRUE
      Interpolation[ 0]
        Tree index                     ->        3
        PDF index                      ->      509
    Stream[ 2]
      Interpolation[ 0]
        Tree index                     ->        3
        PDF index                      ->        1
  State[ 4]
    Length                             ->        3(frames)
    Stream[ 0]
      Interpolation[ 0]
        Tree index                     ->        4
        PDF index                      ->      128
    Stream[ 1]
      MSD flag                         ->     TRUE
      Interpolation[ 0]
        Tree index                     ->        4
        PDF index                      ->      112
    Stream[ 2]
      Interpolation[ 0]
        Tree index                     ->        4
        PDF index                      ->        1
  State[ 5]
    Length                             ->        4(frames)
    Stream[ 0]
      Interpolation[ 0]
        Tree index                     ->        5
        PDF index                      ->      124
    Stream[ 1]
      MSD flag                         ->     TRUE
      Interpolation[ 0]
        Tree index                     ->        5
        PDF index                      ->      261
    Stream[ 2]
      Interpolation[ 0]
        Tree index                     ->        5
        PDF index                      ->        1
  State[ 6]
    Length                             ->        3(frames)
    Stream[ 0]
      Interpolation[ 0]
        Tree index                     ->        6
        PDF index                      ->      125
    Stream[ 1]
      MSD flag                         ->     TRUE
      Interpolation[ 0]
        Tree index                     ->        6
        PDF index                      ->      229
    Stream[ 2]
      Interpolation[ 0]
        Tree index                     ->        6
        PDF index                      ->        1
HMM[ 4]
  Name                                 -> o^o-w+a=i/A:2+3+1/B:02-xx_xx/C:24_xx+xx/D:20+1_1/E:xx_xx!xx_xx-xx/F:3_1#0_xx@1_3|1_11/G:2_1%0_xx-1/H:xx_xx/I:3-11@1+1&1-3|1+11/J:xx_xx/K:1+3-11
  Duration
    Interpolation[ 0]
      Tree index                       ->        2
      PDF index                        ->      193
  State[ 2]
    Length                             ->        2(frames)
    Stream[ 0]
      Interpolation[ 0]
        Tree index                     ->        2
        PDF index                      ->       11
    Stream[ 1]
      MSD flag                         ->     TRUE
      Interpolation[ 0]
        Tree index                     ->        2
        PDF index                      ->      185
    Stream[ 2]
      Interpolation[ 0]
        Tree index                     ->        2
        PDF index                      ->        1
  State[ 3]
    Length                             ->        5(frames)
    Stream[ 0]
      Interpolation[ 0]
        Tree index                     ->        3
        PDF index                      ->       28
    Stream[ 1]
      MSD flag                         ->     TRUE
      Interpolation[ 0]
        Tree index                     ->        3
        PDF index                      ->       16
    Stream[ 2]
      Interpolation[ 0]
        Tree index                     ->        3
        PDF index                      ->        1
  State[ 4]
    Length                             ->        4(frames)
    Stream[ 0]
      Interpolation[ 0]
        Tree index                     ->        4
        PDF index                      ->      102
    Stream[ 1]
      MSD flag                         ->     TRUE
      Interpolation[ 0]
        Tree index                     ->        4
        PDF index                      ->      321
    Stream[ 2]
      Interpolation[ 0]
        Tree index                     ->        4
        PDF index                      ->        1
  State[ 5]
    Length                             ->        3(frames)
    Stream[ 0]
      Interpolation[ 0]
        Tree index                     ->        5
        PDF index                      ->       38
    Stream[ 1]
      MSD flag                         ->     TRUE
      Interpolation[ 0]
        Tree index                     ->        5
        PDF index                      ->      354
    Stream[ 2]
      Interpolation[ 0]
        Tree index                     ->        5
        PDF index                      ->        1
  State[ 6]
    Length                             ->        3(frames)
    Stream[ 0]
      Interpolation[ 0]
        Tree index                     ->        6
        PDF index                      ->       82
    Stream[ 1]
      MSD flag                         ->     TRUE
      Interpolation[ 0]
        Tree index                     ->        6
        PDF index                      ->       60
    Stream[ 2]
      Interpolation[ 0]
        Tree index                     ->        6
        PDF index                      ->        1
HMM[ 5]
  Name                                 -> o^w-a+i=i/A:2+3+1/B:02-xx_xx/C:24_xx+xx/D:20+1_1/E:xx_xx!xx_xx-xx/F:3_1#0_xx@1_3|1_11/G:2_1%0_xx-1/H:xx_xx/I:3-11@1+1&1-3|1+11/J:xx_xx/K:1+3-11
  Duration
    Interpolation[ 0]
      Tree index                       ->        2
      PDF index                        ->       78
  State[ 2]
    Length                             ->        1(frames)
    Stream[ 0]
      Interpolation[ 0]
        Tree index                     ->        2
        PDF index                      ->      136
    Stream[ 1]
      MSD flag                         ->     TRUE
      Interpolation[ 0]
        Tree index                     ->        2
        PDF index                      ->      111
    Stream[ 2]
      Interpolation[ 0]
        Tree index                     ->        2
        PDF index                      ->        1
  State[ 3]
    Length                             ->        2(frames)
    Stream[ 0]
      Interpolation[ 0]
        Tree index                     ->        3
        PDF index                      ->       52
    Stream[ 1]
      MSD flag                         ->     TRUE
      Interpolation[ 0]
        Tree index                     ->        3
        PDF index                      ->      169
    Stream[ 2]
      Interpolation[ 0]
        Tree index                     ->        3
        PDF index                      ->        1
  State[ 4]
    Length                             ->        2(frames)
    Stream[ 0]
      Interpolation[ 0]
        Tree index                     ->        4
        PDF index                      ->        6
    Stream[ 1]
      MSD flag                         ->     TRUE
      Interpolation[ 0]
        Tree index                     ->        4
        PDF index                      ->       72
    Stream[ 2]
      Interpolation[ 0]
        Tree index                     ->        4
        PDF index                      ->        1
  State[ 5]
    Length                             ->        2(frames)
    Stream[ 0]
      Interpolation[ 0]
        Tree index                     ->        5
        PDF index                      ->       17
    Stream[ 1]
      MSD flag                         ->     TRUE
      Interpolation[ 0]
        Tree index                     ->        5
        PDF index                      ->       18
    Stream[ 2]
      Interpolation[ 0]
        Tree index                     ->        5
        PDF index                      ->        1
  State[ 6]
    Length                             ->        3(frames)
    Stream[ 0]
      Interpolation[ 0]
        Tree index                     ->        6
        PDF index                      ->        6
    Stream[ 1]
      MSD flag                         ->     TRUE
      Interpolation[ 0]
        Tree index                     ->        6
        PDF index                      ->      411
    Stream[ 2]
      Interpolation[ 0]
        Tree index                     ->        6
        PDF index                      ->        1
HMM[ 6]
  Name                                 -> w^a-i+i=t/A:0+1+2/B:24-xx_xx/C:20_1+1/D:02+xx_xx/E:3_1!0_xx-1/F:2_1#0_xx@2_2|4_8/G:6_1%0_xx-1/H:xx_xx/I:3-11@1+1&1-3|1+11/J:xx_xx/K:1+3-11
  Duration
    Interpolation[ 0]
      Tree index                       ->        2
      PDF index                        ->       85
  State[ 2]
    Length                             ->        3(frames)
    Stream[ 0]
      Interpolation[ 0]
        Tree index                     ->        2
        PDF index                      ->       27
    Stream[ 1]
      MSD flag                         ->     TRUE
      Interpolation[ 0]
        Tree index                     ->        2
        PDF index                      ->       50
    Stream[ 2]
      Interpolation[ 0]
        Tree index                     ->        2
        PDF index                      ->        1
  State[ 3]
    Length                             ->        4(frames)
    Stream[ 0]
      Interpolation[ 0]
        Tree index                     ->        3
        PDF index                      ->       12
    Stream[ 1]
      MSD flag                         ->     TRUE
      Interpolation[ 0]
        Tree index                     ->        3
        PDF index                      ->      428
    Stream[ 2]
      Interpolation[ 0]
        Tree index                     ->        3
        PDF index                      ->        1
  State[ 4]
    Length                             ->        4(frames)
    Stream[ 0]
      Interpolation[ 0]
        Tree index                     ->        4
        PDF index                      ->       48
    Stream[ 1]
      MSD flag                         ->     TRUE
      Interpolation[ 0]
        Tree index                     ->        4
        PDF index                      ->      319
    Stream[ 2]
      Interpolation[ 0]
        Tree index                     ->        4
        PDF index                      ->        1
  State[ 5]
    Length                             ->        3(frames)
    Stream[ 0]
      Interpolation[ 0]
        Tree index                     ->        5
        PDF index                      ->       95
    Stream[ 1]
      MSD flag                         ->     TRUE
      Interpolation[ 0]
        Tree index                     ->        5
        PDF index                      ->      288
    Stream[ 2]
      Interpolation[ 0]
        Tree index                     ->        5
        PDF index                      ->        1
  State[ 6]
    Length                             ->        2(frames)
    Stream[ 0]
      Interpolation[ 0]
        Tree index                     ->        6
        PDF index                      ->      163
    Stream[ 1]
      MSD flag                         ->     TRUE
      Interpolation[ 0]
        Tree index                     ->        6
        PDF index                      ->      417
    Stream[ 2]
      Interpolation[ 0]
        Tree index                     ->        6
        PDF index                      ->        1
HMM[ 7]
  Name                                 -> a^i-i+t=e/A:1+2+1/B:24-xx_xx/C:20_1+1/D:02+xx_xx/E:3_1!0_xx-1/F:2_1#0_xx@2_2|4_8/G:6_1%0_xx-1/H:xx_xx/I:3-11@1+1&1-3|1+11/J:xx_xx/K:1+3-11
  Duration
    Interpolation[ 0]
      Tree index                       ->        2
      PDF index                        ->      190
  State[ 2]
    Length                             ->        3(frames)
    Stream[ 0]
      Interpolation[ 0]
        Tree index                     ->        2
        PDF index                      ->       69
    Stream[ 1]
      MSD flag                         ->     TRUE
      Interpolation[ 0]
        Tree index                     ->        2
        PDF index                      ->      222
    Stream[ 2]
      Interpolation[ 0]
        Tree index                     ->        2
        PDF index                      ->        1
  State[ 3]
    Length                             ->        4(frames)
    Stream[ 0]
      Interpolation[ 0]
        Tree index                     ->        3
        PDF index                      ->       35
    Stream[ 1]
      MSD flag                         ->     TRUE
      Interpolation[ 0]
        Tree index                     ->        3
        PDF index                      ->      276
    Stream[ 2]
      Interpolation[ 0]
        Tree index                     ->        3
        PDF index                      ->        1
  State[ 4]
    Length                             ->        3(frames)
    Stream[ 0]
      Interpolation[ 0]
        Tree index                     ->        4
        PDF index                      ->      120
    Stream[ 1]
      MSD flag                         ->     TRUE
      Interpolation[ 0]
        Tree index                     ->        4
        PDF index                      ->      177
    Stream[ 2]
      Interpolation[ 0]
        Tree index                     ->        4
        PDF index                      ->        1
  State[ 5]
    Length                             ->        3(frames)
    Stream[ 0]
      Interpolation[ 0]
        Tree index                     ->        5
        PDF index                      ->       46
    Stream[ 1]
      MSD flag                         ->     TRUE
      Interpolation[ 0]
        Tree index                     ->        5
        PDF index                      ->      309
    Stream[ 2]
      Interpolation[ 0]
        Tree index                     ->        5
        PDF index                      ->        1
  State[ 6]
    Length                             ->        3(frames)
    Stream[ 0]
      Interpolation[ 0]
        Tree index                     ->        6
        PDF index                      ->      129
    Stream[ 1]
      MSD flag                         ->    FALSE
      Interpolation[ 0]
        Tree index                     ->        6
        PDF index                      ->      197
    Stream[ 2]
      Interpolation[ 0]
        Tree index                     ->        6
        PDF index                      ->        1
HMM[ 8]
  Name                                 -> i^i-t+e=N/A:0+1+6/B:20-1_1/C:02_xx+xx/D:10+7_2/E:2_1!0_xx-1/F:6_1#0_xx@3_1|6_6/G:xx_xx%xx_xx-xx/H:xx_xx/I:3-11@1+1&1-3|1+11/J:xx_xx/K:1+3-11
  Duration
    Interpolation[ 0]
      Tree index                       ->        2
      PDF index                        ->      200
  State[ 2]
    Length                             ->        4(frames)
    Stream[ 0]
      Interpolation[ 0]
        Tree index                     ->        2
        PDF index                      ->      168
    Stream[ 1]
      MSD flag                         ->    FALSE
      Interpolation[ 0]
        Tree index                     ->        2
        PDF index                      ->      249
    Stream[ 2]
      Interpolation[ 0]
        Tree index                     ->        2
        PDF index                      ->        1
  State[ 3]
    Length                             ->        4(frames)
    Stream[ 0]
      Interpolation[ 0]
        Tree index                     ->        3
        PDF index                      ->      106
    Stream[ 1]
      MSD flag                         ->    FALSE
      Interpolation[ 0]
        Tree index                     ->        3
        PDF index                      ->      292
    Stream[ 2]
      Interpolation[ 0]
        Tree index                     ->        3
        PDF index                      ->        1
  State[ 4]
    Length                             ->        2(frames)
    Stream[ 0]
      Interpolation[ 0]
        Tree index                     ->        4
        PDF index                      ->      130
    Stream[ 1]
      MSD flag                         ->    FALSE
      Interpolation[ 0]
        Tree index                     ->        4
        PDF index                      ->      266
    Stream[ 2]
      Interpolation[ 0]
        Tree index                     ->        4
        PDF index                      ->        1
  State[ 5]
    Length                             ->        3(frames)
    Stream[ 0]
      Interpolation[ 0]
        Tree index                     ->        5
        PDF index                      ->       71
    Stream[ 1]
      MSD flag                         ->    FALSE
      Interpolation[ 0]
        Tree index                     ->        5
        PDF index                      ->       81
    Stream[ 2]
      Interpolation[ 0]
        Tree index                     ->        5
        PDF index                      ->        1
  State[ 6]
    Length                             ->        2(frames)
    Stream[ 0]
      Interpolation[ 0]
        Tree index                     ->        6
        PDF index                      ->       30
    Stream[ 1]
      MSD flag                         ->    FALSE
      Interpolation[ 0]
        Tree index                     ->        6
        PDF index                      ->      215
    Stream[ 2]
      Interpolation[ 0]
        Tree index                     ->        6
        PDF index                      ->        1
HMM[ 9]
  Name                                 -> i^t-e+N=k/A:0+1+6/B:20-1_1/C:02_xx+xx/D:10+7_2/E:2_1!0_xx-1/F:6_1#0_xx@3_1|6_6/G:xx_xx%xx_xx-xx/H:xx_xx/I:3-11@1+1&1-3|1+11/J:xx_xx/K:1+3-11
  Duration
    Interpolation[ 0]
      Tree index                       ->        2
      PDF index                        ->      197
  State[ 2]
    Length                             ->        3(frames)
    Stream[ 0]
      Interpolation[ 0]
        Tree index                     ->        2
        PDF index                      ->       95
    Stream[ 1]
      MSD flag                         ->     TRUE
      Interpolation[ 0]
        Tree index                     ->        2
        PDF index                      ->       23
    Stream[ 2]
      Interpolation[ 0]
        Tree index                     ->        2
        PDF index                      ->        1
  State[ 3]
    Length                             ->        4(frames)
    Stream[ 0]
      Interpolation[ 0]
        Tree index                     ->        3
        PDF index                      ->      108
    Stream[ 1]
      MSD flag                         ->     TRUE
      Interpolation[ 0]
        Tree index                     ->        3
        PDF index                      ->       64
    Stream[ 2]
      Interpolation[ 0]
        Tree index                     ->        3
        PDF index                      ->        1
  State[ 4]
    Length                             ->        3(frames)
    Stream[ 0]
      Interpolation[ 0]
        Tree index                     ->        4
        PDF index                      ->      156
    Stream[ 1]
      MSD flag                         ->     TRUE
      Interpolation[ 0]
        Tree index                     ->        4
        PDF index                      ->      215
    Stream[ 2]
      Interpolation[ 0]
        Tree index                     ->        4
        PDF index                      ->        1
  State[ 5]
    Length                             ->        3(frames)
    Stream[ 0]
      Interpolation[ 0]
        Tree index                     ->        5
        PDF index                      ->       59
    Stream[ 1]
      MSD flag                         ->     TRUE
      Interpolation[ 0]
        Tree index                     ->        5
        PDF index                      ->      236
    Stream[ 2]
      Interpolation[ 0]
        Tree index                     ->        5
        PDF index                      ->        1
  State[ 6]
    Length                             ->        2(frames)
    Stream[ 0]
      Interpolation[ 0]
        Tree index                     ->        6
        PDF index                      ->      167
    Stream[ 1]
      MSD flag                         ->     TRUE
      Interpolation[ 0]
        Tree index                     ->        6
        PDF index                      ->      108
    Stream[ 2]
      Interpolation[ 0]
        Tree index                     ->        6
        PDF index                      ->        1
HMM[10]
  Name                                 -> t^e-N+k=i/A:1+2+5/B:20-1_1/C:02_xx+xx/D:10+7_2/E:2_1!0_xx-1/F:6_1#0_xx@3_1|6_6/G:xx_xx%xx_xx-xx/H:xx_xx/I:3-11@1+1&1-3|1+11/J:xx_xx/K:1+3-11
  Duration
    Interpolation[ 0]
      Tree index                       ->        2
      PDF index                        ->       72
  State[ 2]
    Length                             ->        4(frames)
    Stream[ 0]
      Interpolation[ 0]
        Tree index                     ->        2
        PDF index                      ->       85
    Stream[ 1]
      MSD flag                         ->     TRUE
      Interpolation[ 0]
        Tree index                     ->        2
        PDF index                      ->      190
    Stream[ 2]
      Interpolation[ 0]
        Tree index                     ->        2
        PDF index                      ->        1
  State[ 3]
    Length                             ->        2(frames)
    Stream[ 0]
      Interpolation[ 0]
        Tree index                     ->        3
        PDF index                      ->      173
    Stream[ 1]
      MSD flag                         ->     TRUE
      Interpolation[ 0]
        Tree index                     ->        3
        PDF index                      ->      233
    Stream[ 2]
      Interpolation[ 0]
        Tree index                     ->        3
        PDF index                      ->        1
  State[ 4]
    Length                             ->        3(frames)
    Stream[ 0]
      Interpolation[ 0]
        Tree index                     ->        4
        PDF index                      ->      112
    Stream[ 1]
      MSD flag                         ->     TRUE
      Interpolation[ 0]
        Tree index                     ->        4
        PDF index                      ->      127
    Stream[ 2]
      Interpolation[ 0]
        Tree index                     ->        4
        PDF index                      ->        1
  State[ 5]
    Length                             ->        3(frames)
    Stream[ 0]
      Interpolation[ 0]
        Tree index                     ->        5
        PDF index                      ->       12
    Stream[ 1]
      MSD flag                         ->     TRUE
      Interpolation[ 0]
        Tree index                     ->        5
        PDF index                      ->      292
    Stream[ 2]
      Interpolation[ 0]
        Tree index                     ->        5
        PDF index                      ->        1
  State[ 6]
    Length                             ->        4(frames)
    Stream[ 0]
      Interpolation[ 0]
        Tree index                     ->        6
        PDF index                      ->       23
    Stream[ 1]
      MSD flag                         ->     TRUE
      Interpolation[ 0]
        Tree index                     ->        6
        PDF index                      ->       42
    Stream[ 2]
      Interpolation[ 0]
        Tree index                     ->        6
        PDF index                      ->        1
HMM[11]
  Name                                 -> e^N-k+i=d/A:2+3+4/B:20-1_1/C:02_xx+xx/D:10+7_2/E:2_1!0_xx-1/F:6_1#0_xx@3_1|6_6/G:xx_xx%xx_xx-xx/H:xx_xx/I:3-11@1+1&1-3|1+11/J:xx_xx/K:1+3-11
  Duration
    Interpolation[ 0]
      Tree index                       ->        2
      PDF index                        ->      217
  State[ 2]
    Length                             ->        3(frames)
    Stream[ 0]
      Interpolation[ 0]
        Tree index                     ->        2
        PDF index                      ->        3
    Stream[ 1]
      MSD flag                         ->    FALSE
      Interpolation[ 0]
        Tree index                     ->        2
        PDF index                      ->       48
    Stream[ 2]
      Interpolation[ 0]
        Tree index                     ->        2
        PDF index                      ->        1
  State[ 3]
    Length                             ->        4(frames)
    Stream[ 0]
      Interpolation[ 0]
        Tree index                     ->        3
        PDF index                      ->      111
    Stream[ 1]
      MSD flag                         ->    FALSE
      Interpolation[ 0]
        Tree index                     ->        3
        PDF index                      ->      292
    Stream[ 2]
      Interpolation[ 0]
        Tree index                     ->        3
        PDF index                      ->        1
  State[ 4]
    Length                             ->        2(frames)
    Stream[ 0]
      Interpolation[ 0]
        Tree index                     ->        4
        PDF index                      ->       12
    Stream[ 1]
      MSD flag                         ->    FALSE
      Interpolation[ 0]
        Tree index                     ->        4
        PDF index                      ->      266
    Stream[ 2]
      Interpolation[ 0]
        Tree index                     ->        4
        PDF index                      ->        1
  State[ 5]
    Length                             ->        3(frames)
    Stream[ 0]
      Interpolation[ 0]
        Tree index                     ->        5
        PDF index                      ->       89
    Stream[ 1]
      MSD flag                         ->    FALSE
      Interpolation[ 0]
        Tree index                     ->        5
        PDF index                      ->       81
    Stream[ 2]
      Interpolation[ 0]
        Tree index                     ->        5
        PDF index                      ->        1
  State[ 6]
    Length                             ->        3(frames)
    Stream[ 0]
      Interpolation[ 0]
        Tree index                     ->        6
        PDF index                      ->       45
    Stream[ 1]
      MSD flag                         ->    FALSE
      Interpolation[ 0]
        Tree index                     ->        6
        PDF index                      ->       78
    Stream[ 2]
      Interpolation[ 0]
        Tree index                     ->        6
        PDF index                      ->        1
HMM[12]
  Name                                 -> N^k-i+d=e/A:2+3+4/B:20-1_1/C:02_xx+xx/D:10+7_2/E:2_1!0_xx-1/F:6_1#0_xx@3_1|6_6/G:xx_xx%xx_xx-xx/H:xx_xx/I:3-11@1+1&1-3|1+11/J:xx_xx/K:1+3-11
  Duration
    Interpolation[ 0]
      Tree index                       ->        2
      PDF index                        ->      173
  State[ 2]
    Length                             ->        2(frames)
    Stream[ 0]
      Interpolation[ 0]
        Tree index                     ->        2
        PDF index                      ->       14
    Stream[ 1]
      MSD flag                         ->     TRUE
      Interpolation[ 0]
        Tree index                     ->        2
        PDF index                      ->      178
    Stream[ 2]
      Interpolation[ 0]
        Tree index                     ->        2
        PDF index                      ->        1
  State[ 3]
    Length                             ->        2(frames)
    Stream[ 0]
      Interpolation[ 0]
        Tree index                     ->        3
        PDF index                      ->       67
    Stream[ 1]
      MSD flag                         ->     TRUE
      Interpolation[ 0]
        Tree index                     ->        3
        PDF index                      ->      255
    Stream[ 2]
      Interpolation[ 0]
        Tree index                     ->        3
        PDF index                      ->        1
  State[ 4]
    Length                             ->        1(frames)
    Stream[ 0]
      Interpolation[ 0]
        Tree index                     ->        4
        PDF index                      ->       49
    Stream[ 1]
      MSD flag                         ->     TRUE
      Interpolation[ 0]
        Tree index                     ->        4
        PDF index                      ->       47
    Stream[ 2]
      Interpolation[ 0]
        Tree index                     ->        4
        PDF index                      ->        1
  State[ 5]
    Length                             ->        2(frames)
    Stream[ 0]
      Interpolation[ 0]
        Tree index                     ->        5
        PDF index                      ->       94
    Stream[ 1]
      MSD flag                         ->     TRUE
      Interpolation[ 0]
        Tree index                     ->        5
        PDF index                      ->      367
    Stream[ 2]
      Interpolation[ 0]
        Tree index                     ->        5
        PDF index                      ->        1
  State[ 6]
    Length                             ->        2(frames)
    Stream[ 0]
      Interpolation[ 0]
        Tree index                     ->        6
        PDF index                      ->      115
    Stream[ 1]
      MSD flag                         ->     TRUE
      Interpolation[ 0]
        Tree index                     ->        6
        PDF index                      ->       50
    Stream[ 2]
      Interpolation[ 0]
        Tree index                     ->        6
        PDF index                      ->        1
HMM[13]
  Name                                 -> k^i-d+e=s/A:3+4+3/B:02-xx_xx/C:10_7+2/D:14+xx_xx/E:2_1!0_xx-1/F:6_1#0_xx@3_1|6_6/G:xx_xx%xx_xx-xx/H:xx_xx/I:3-11@1+1&1-3|1+11/J:xx_xx/K:1+3-11
  Duration
    Interpolation[ 0]
      Tree index                       ->        2
      PDF index                        ->      239
  State[ 2]
    Length                             ->        2(frames)
    Stream[ 0]
      Interpolation[ 0]
        Tree index                     ->        2
        PDF index                      ->       65
    Stream[ 1]
      MSD flag                         ->     TRUE
      Interpolation[ 0]
        Tree index                     ->        2
        PDF index                      ->       83
    Stream[ 2]
      Interpolation[ 0]
        Tree index                     ->        2
        PDF index                      ->        1
  State[ 3]
    Length                             ->        2(frames)
    Stream[ 0]
      Interpolation[ 0]
        Tree index                     ->        3
        PDF index                      ->      113
    Stream[ 1]
      MSD flag                         ->     TRUE
      Interpolation[ 0]
        Tree index                     ->        3
        PDF index                      ->      341
    Stream[ 2]
      Interpolation[ 0]
        Tree index                     ->        3
        PDF index                      ->        1
  State[ 4]
    Length                             ->        2(frames)
    Stream[ 0]
      Interpolation[ 0]
        Tree index                     ->        4
        PDF index                      ->        8
    Stream[ 1]
      MSD flag                         ->     TRUE
      Interpolation[ 0]
        Tree index                     ->        4
        PDF index                      ->      171
    Stream[ 2]
      Interpolation[ 0]
        Tree index                     ->        4
        PDF index                      ->        1
  State[ 5]
    Length                             ->        2(frames)
    Stream[ 0]
      Interpolation[ 0]
        Tree index                     ->        5
        PDF index                      ->      102
    Stream[ 1]
      MSD flag                         ->     TRUE
      Interpolation[ 0]
        Tree index                     ->        5
        PDF index                      ->      377
    Stream[ 2]
      Interpolation[ 0]
        Tree index                     ->        5
        PDF index                      ->        1
  State[ 6]
    Length                             ->        2(frames)
    Stream[ 0]
      Interpolation[ 0]
        Tree index                     ->        6
        PDF index                      ->       24
    Stream[ 1]
      MSD flag                         ->     TRUE
      Interpolation[ 0]
        Tree index                     ->        6
        PDF index                      ->       17
    Stream[ 2]
      Interpolation[ 0]
        Tree index                     ->        6
        PDF index                      ->        1
HMM[14]
  Name                                 -> i^d-e+s=U/A:3+4+3/B:02-xx_xx/C:10_7+2/D:14+xx_xx/E:2_1!0_xx-1/F:6_1#0_xx@3_1|6_6/G:xx_xx%xx_xx-xx/H:xx_xx/I:3-11@1+1&1-3|1+11/J:xx_xx/K:1+3-11
  Duration
    Interpolation[ 0]
      Tree index                       ->        2
      PDF index                        ->       22
  State[ 2]
    Length                             ->        2(frames)
    Stream[ 0]
      Interpolation[ 0]
        Tree index                     ->        2
        PDF index                      ->       95
    Stream[ 1]
      MSD flag                         ->     TRUE
      Interpolation[ 0]
        Tree index                     ->        2
        PDF index                      ->       16
    Stream[ 2]
      Interpolation[ 0]
        Tree index                     ->        2
        PDF index                      ->        1
  State[ 3]
    Length                             ->        2(frames)
    Stream[ 0]
      Interpolation[ 0]
        Tree index                     ->        3
        PDF index                      ->      146
    Stream[ 1]
      MSD flag                         ->     TRUE
      Interpolation[ 0]
        Tree index                     ->        3
        PDF index                      ->      507
    Stream[ 2]
      Interpolation[ 0]
        Tree index                     ->        3
        PDF index                      ->        1
  State[ 4]
    Length                             ->        2(frames)
    Stream[ 0]
      Interpolation[ 0]
        Tree index                     ->        4
        PDF index                      ->      140
    Stream[ 1]
      MSD flag                         ->     TRUE
      Interpolation[ 0]
        Tree index                     ->        4
        PDF index                      ->      339
    Stream[ 2]
      Interpolation[ 0]
        Tree index                     ->        4
        PDF index                      ->        1
  State[ 5]
    Length                             ->        2(frames)
    Stream[ 0]
      Interpolation[ 0]
        Tree index                     ->        5
        PDF index                      ->       36
    Stream[ 1]
      MSD flag                         ->     TRUE
      Interpolation[ 0]
        Tree index                     ->        5
        PDF index                      ->       24
    Stream[ 2]
      Interpolation[ 0]
        Tree index                     ->        5
        PDF index                      ->        1
  State[ 6]
    Length                             ->        2(frames)
    Stream[ 0]
      Interpolation[ 0]
        Tree index                     ->        6
        PDF index                      ->      116
    Stream[ 1]
      MSD flag                         ->     TRUE
      Interpolation[ 0]
        Tree index                     ->        6
        PDF index                      ->       26
    Stream[ 2]
      Interpolation[ 0]
        Tree index                     ->        6
        PDF index                      ->        1
HMM[15]
  Name                                 -> d^e-s+U=n/A:4+5+2/B:02-xx_xx/C:10_7+2/D:14+xx_xx/E:2_1!0_xx-1/F:6_1#0_xx@3_1|6_6/G:xx_xx%xx_xx-xx/H:xx_xx/I:3-11@1+1&1-3|1+11/J:xx_xx/K:1+3-11
  Duration
    Interpolation[ 0]
      Tree index                       ->        2
      PDF index                        ->      181
  State[ 2]
    Length                             ->        3(frames)
    Stream[ 0]
      Interpolation[ 0]
        Tree index                     ->        2
        PDF index                      ->      179
    Stream[ 1]
      MSD flag                         ->    FALSE
      Interpolation[ 0]
        Tree index                     ->        2
        PDF index                      ->       34
    Stream[ 2]
      Interpolation[ 0]
        Tree index                     ->        2
        PDF index                      ->        1
  State[ 3]
    Length                             ->        4(frames)
    Stream[ 0]
      Interpolation[ 0]
        Tree index                     ->        3
        PDF index                      ->      130
    Stream[ 1]
      MSD flag                         ->    FALSE
      Interpolation[ 0]
        Tree index                     ->        3
        PDF index                      ->       51
    Stream[ 2]
      Interpolation[ 0]
        Tree index                     ->        3
        PDF index                      ->        1
  State[ 4]
    Length                             ->        7(frames)
    Stream[ 0]
      Interpolation[ 0]
        Tree index                     ->        4
        PDF index                      ->       60
    Stream[ 1]
      MSD flag                         ->    FALSE
      Interpolation[ 0]
        Tree index                     ->        4
        PDF index                      ->      266
    Stream[ 2]
      Interpolation[ 0]
        Tree index                     ->        4
        PDF index                      ->        1
  State[ 5]
    Length                             ->        3(frames)
    Stream[ 0]
      Interpolation[ 0]
        Tree index                     ->        5
        PDF index                      ->       64
    Stream[ 1]
      MSD flag                         ->    FALSE
      Interpolation[ 0]
        Tree index                     ->        5
        PDF index                      ->       81
    Stream[ 2]
      Interpolation[ 0]
        Tree index                     ->        5
        PDF index                      ->        1
  State[ 6]
    Length                             ->        1(frames)
    Stream[ 0]
      Interpolation[ 0]
        Tree index                     ->        6
        PDF index                      ->       89
    Stream[ 1]
      MSD flag                         ->    FALSE
      Interpolation[ 0]
        Tree index                     ->        6
        PDF index                      ->      267
    Stream[ 2]
      Interpolation[ 0]
        Tree index                     ->        6
        PDF index                      ->        1
HMM[16]
  Name                                 -> e^s-U+n=e/A:4+5+2/B:02-xx_xx/C:10_7+2/D:14+xx_xx/E:2_1!0_xx-1/F:6_1#0_xx@3_1|6_6/G:xx_xx%xx_xx-xx/H:xx_xx/I:3-11@1+1&1-3|1+11/J:xx_xx/K:1+3-11
  Duration
    Interpolation[ 0]
      Tree index                       ->        2
      PDF index                        ->      225
  State[ 2]
    Length                             ->        1(frames)
    Stream[ 0]
      Interpolation[ 0]
        Tree index                     ->        2
        PDF index                      ->      174
    Stream[ 1]
      MSD flag                         ->    FALSE
      Interpolation[ 0]
        Tree index                     ->        2
        PDF index                      ->       92
    Stream[ 2]
      Interpolation[ 0]
        Tree index                     ->        2
        PDF index                      ->        1
  State[ 3]
    Length                             ->        1(frames)
    Stream[ 0]
      Interpolation[ 0]
        Tree index                     ->        3
        PDF index                      ->      178
    Stream[ 1]
      MSD flag                         ->     TRUE
      Interpolation[ 0]
        Tree index                     ->        3
        PDF index                      ->       22
    Stream[ 2]
      Interpolation[ 0]
        Tree index                     ->        3
        PDF index                      ->        1
  State[ 4]
    Length                             ->        2(frames)
    Stream[ 0]
      Interpolation[ 0]
        Tree index                     ->        4
        PDF index                      ->       37
    Stream[ 1]
      MSD flag                         ->     TRUE
      Interpolation[ 0]
        Tree index                     ->        4
        PDF index                      ->       18
    Stream[ 2]
      Interpolation[ 0]
        Tree index                     ->        4
        PDF index                      ->        1
  State[ 5]
    Length                             ->        1(frames)
    Stream[ 0]
      Interpolation[ 0]
        Tree index                     ->        5
        PDF index                      ->       85
    Stream[ 1]
      MSD flag                         ->     TRUE
      Interpolation[ 0]
        Tree index                     ->        5
        PDF index                      ->        4
    Stream[ 2]
      Interpolation[ 0]
        Tree index                     ->        5
        PDF index                      ->        1
  State[ 6]
    Length                             ->        1(frames)
    Stream[ 0]
      Interpolation[ 0]
        Tree index                     ->        6
        PDF index                      ->      196
    Stream[ 1]
      MSD flag                         ->     TRUE
      Interpolation[ 0]
        Tree index                     ->        6
        PDF index                      ->        6
    Stream[ 2]
      Interpolation[ 0]
        Tree index                     ->        6
        PDF index                      ->        1
HMM[17]
  Name                                 -> s^U-n+e=sil/A:5+6+1/B:10-7_2/C:14_xx+xx/D:xx+xx_xx/E:2_1!0_xx-1/F:6_1#0_xx@3_1|6_6/G:xx_xx%xx_xx-xx/H:xx_xx/I:3-11@1+1&1-3|1+11/J:xx_xx/K:1+3-11
  Duration
    Interpolation[ 0]
      Tree index                       ->        2
      PDF index                        ->      140
  State[ 2]
    Length                             ->        2(frames)
    Stream[ 0]
      Interpolation[ 0]
        Tree index                     ->        2
        PDF index                      ->      144
    Stream[ 1]
      MSD flag                         ->     TRUE
      Interpolation[ 0]
        Tree index                     ->        2
        PDF index                      ->      115
    Stream[ 2]
      Interpolation[ 0]
        Tree index                     ->        2
        PDF index                      ->        1
  State[ 3]
    Length                             ->        3(frames)
    Stream[ 0]
      Interpolation[ 0]
        Tree index                     ->        3
        PDF index                      ->      151
    Stream[ 1]
      MSD flag                         ->     TRUE
      Interpolation[ 0]
        Tree index                     ->        3
        PDF index                      ->      127
    Stream[ 2]
      Interpolation[ 0]
        Tree index                     ->        3
        PDF index                      ->        1
  State[ 4]
    Length                             ->        2(frames)
    Stream[ 0]
      Interpolation[ 0]
        Tree index                     ->        4
        PDF index                      ->      132
    Stream[ 1]
      MSD flag                         ->     TRUE
      Interpolation[ 0]
        Tree index                     ->        4
        PDF index                      ->      272
    Stream[ 2]
      Interpolation[ 0]
        Tree index                     ->        4
        PDF index                      ->        1
  State[ 5]
    Length                             ->        2(frames)
    Stream[ 0]
      Interpolation[ 0]
        Tree index                     ->        5
        PDF index                      ->       75
    Stream[ 1]
      MSD flag                         ->     TRUE
      Interpolation[ 0]
        Tree index                     ->        5
        PDF index                      ->      389
    Stream[ 2]
      Interpolation[ 0]
        Tree index                     ->        5
        PDF index                      ->        1
  State[ 6]
    Length                             ->        2(frames)
    Stream[ 0]
      Interpolation[ 0]
        Tree index                     ->        6
        PDF index                      ->       78
    Stream[ 1]
      MSD flag                         ->     TRUE
      Interpolation[ 0]
        Tree index                     ->        6
        PDF index                      ->      275
    Stream[ 2]
      Interpolation[ 0]
        Tree index                     ->        6
        PDF index                      ->        1
HMM[18]
  Name                                 -> U^n-e+sil=xx/A:5+6+1/B:10-7_2/C:14_xx+xx/D:xx+xx_xx/E:2_1!0_xx-1/F:6_1#0_xx@3_1|6_6/G:xx_xx%xx_xx-xx/H:xx_xx/I:3-11@1+1&1-3|1+11/J:xx_xx/K:1+3-11
  Duration
    Interpolation[ 0]
      Tree index                       ->        2
      PDF index                        ->      175
  State[ 2]
    Length                             ->        2(frames)
    Stream[ 0]
      Interpolation[ 0]
        Tree index                     ->        2
        PDF index                      ->      129
    Stream[ 1]
      MSD flag                         ->     TRUE
      Interpolation[ 0]
        Tree index                     ->        2
        PDF index                      ->       30
    Stream[ 2]
      Interpolation[ 0]
        Tree index                     ->        2
        PDF index                      ->        1
  State[ 3]
    Length                             ->        1(frames)
    Stream[ 0]
      Interpolation[ 0]
        Tree index                     ->        3
        PDF index                      ->      147
    Stream[ 1]
      MSD flag                         ->     TRUE
      Interpolation[ 0]
        Tree index                     ->        3
        PDF index                      ->      354
    Stream[ 2]
      Interpolation[ 0]
        Tree index                     ->        3
        PDF index                      ->        1
  State[ 4]
    Length                             ->        3(frames)
    Stream[ 0]
      Interpolation[ 0]
        Tree index                     ->        4
        PDF index                      ->      105
    Stream[ 1]
      MSD flag                         ->     TRUE
      Interpolation[ 0]
        Tree index                     ->        4
        PDF index                      ->       87
    Stream[ 2]
      Interpolation[ 0]
        Tree index                     ->        4
        PDF index                      ->        1
  State[ 5]
    Length                             ->        2(frames)
    Stream[ 0]
      Interpolation[ 0]
        Tree index                     ->        5
        PDF index                      ->        1
    Stream[ 1]
      MSD flag                         ->     TRUE
      Interpolation[ 0]
        Tree index                     ->        5
        PDF index                      ->      270
    Stream[ 2]
      Interpolation[ 0]
        Tree index                     ->        5
        PDF index                      ->        1
  State[ 6]
    Length                             ->       14(frames)
    Stream[ 0]
      Interpolation[ 0]
        Tree index                     ->        6
        PDF index                      ->       95
    Stream[ 1]
      MSD flag                         ->    FALSE
      Interpolation[ 0]
        Tree index                     ->        6
        PDF index                      ->       39
    Stream[ 2]
      Interpolation[ 0]
        Tree index                     ->        6
        PDF index                      ->        1
HMM[19]
  Name                                 -> n^e-sil+xx=xx/A:xx+xx+xx/B:14-xx_xx/C:xx_xx+xx/D:xx+xx_xx/E:6_1!0_xx-xx/F:xx_xx#xx_xx@xx_xx|xx_xx/G:xx_xx%xx_xx-xx/H:3_11/I:xx-xx@xx+xx&xx-xx|xx+xx/J:xx_xx/K:1+3-11
  Duration
    Interpolation[ 0]
      Tree index                       ->        2
      PDF index                        ->      196
  State[ 2]
    Length                             ->       20(frames)
    Stream[ 0]
      Interpolation[ 0]
        Tree index                     ->        2
        PDF index                      ->       33
    Stream[ 1]
      MSD flag                         ->    FALSE
      Interpolation[ 0]
        Tree index                     ->        2
        PDF index                      ->       93
    Stream[ 2]
      Interpolation[ 0]
        Tree index                     ->        2
        PDF index                      ->        1
  State[ 3]
    Length                             ->       18(frames)
    Stream[ 0]
      Interpolation[ 0]
        Tree index                     ->        3
        PDF index                      ->       56
    Stream[ 1]
      MSD flag                         ->    FALSE
      Interpolation[ 0]
        Tree index                     ->        3
        PDF index                      ->      338
    Stream[ 2]
      Interpolation[ 0]
        Tree index                     ->        3
        PDF index                      ->        1
  State[ 4]
    Length                             ->       25(frames)
    Stream[ 0]
      Interpolation[ 0]
        Tree index                     ->        4
        PDF index                      ->       47
    Stream[ 1]
      MSD flag                         ->    FALSE
      Interpolation[ 0]
        Tree index                     ->        4
        PDF index                      ->      266
    Stream[ 2]
      Interpolation[ 0]
        Tree index                     ->        4
        PDF index                      ->        1
  State[ 5]
    Length                             ->       32(frames)
    Stream[ 0]
      Interpolation[ 0]
        Tree index                     ->        5
        PDF index                      ->      122
    Stream[ 1]
      MSD flag                         ->    FALSE
      Interpolation[ 0]
        Tree index                     ->        5
        PDF index                      ->       80
    Stream[ 2]
      Interpolation[ 0]
        Tree index                     ->        5
        PDF index                      ->        1
  State[ 6]
    Length                             ->       11(frames)
    Stream[ 0]
      Interpolation[ 0]
        Tree index                     ->        6
        PDF index                      ->      154
    Stream[ 1]
      MSD flag                         ->    FALSE
      Interpolation[ 0]
        Tree index                     ->        6
        PDF index                      ->       74
    Stream[ 2]
      Interpolation[ 0]
        Tree index                     ->        6
        PDF index                      ->        1
